c:\users\constantin c\source\repos\sfmlnew\sfmlnew\x64\debug\sfmlnew.pch
c:\users\constantin c\source\repos\sfmlnew\sfmlnew\x64\debug\vc141.pdb
c:\users\constantin c\source\repos\sfmlnew\sfmlnew\x64\debug\vc141.idb
c:\users\constantin c\source\repos\sfmlnew\sfmlnew\x64\debug\stdafx.obj
c:\users\constantin c\source\repos\sfmlnew\sfmlnew\x64\debug\main.obj
c:\users\constantin c\source\repos\sfmlnew\sfmlnew\x64\debug\engine.obj
c:\users\constantin c\source\repos\sfmlnew\x64\debug\sfmlnew.exe
c:\users\constantin c\source\repos\sfmlnew\x64\debug\sfmlnew.ilk
c:\users\constantin c\source\repos\sfmlnew\x64\debug\sfmlnew.pdb
c:\users\mech\source\repos\sfmlnew\sfmlnew\x64\debug\engine.obj
c:\users\mech\source\repos\sfmlnew\sfmlnew\x64\debug\main.obj
c:\users\mech\source\repos\sfmlnew\sfmlnew\x64\debug\stdafx.obj
c:\users\mech\source\repos\sfmlnew\sfmlnew\x64\debug\sfmlnew.pch
c:\users\mech\source\repos\sfmlnew\sfmlnew\x64\debug\vc141.idb
c:\users\mech\source\repos\sfmlnew\sfmlnew\x64\debug\vc141.pdb
c:\users\mech\source\repos\sfmlnew\x64\debug\sfmlnew.pdb
c:\users\mech\source\repos\sfmlnew\x64\debug\sfmlnew.exe
c:\users\mech\source\repos\sfmlnew\x64\debug\sfmlnew.ilk
c:\users\mech\source\repos\sfmlnew\sfmlnew\x64\debug\sfmlnew.tlog\cl.command.1.tlog
c:\users\mech\source\repos\sfmlnew\sfmlnew\x64\debug\sfmlnew.tlog\cl.read.1.tlog
c:\users\mech\source\repos\sfmlnew\sfmlnew\x64\debug\sfmlnew.tlog\cl.write.1.tlog
c:\users\mech\source\repos\sfmlnew\sfmlnew\x64\debug\sfmlnew.tlog\link.command.1.tlog
c:\users\mech\source\repos\sfmlnew\sfmlnew\x64\debug\sfmlnew.tlog\link.read.1.tlog
c:\users\mech\source\repos\sfmlnew\sfmlnew\x64\debug\sfmlnew.tlog\link.write.1.tlog
